<?xml version="1.0" encoding="UTF-8"?>
<!-- Generated by org.testng.reporters.JUnitReportReporter -->
<testsuite hostname="uno-06-pc" failures="0" tests="3" name="TestScripts.AdminAcc" time="22.465" errors="0" timestamp="2025-03-31T16:18:33 IST" skipped="0">
  <testcase classname="TestScripts.AdminAcc" name="login" time="0.541"/>
  <testcase classname="TestScripts.AdminAcc" name="add_emp" time="15.329"/>
  <testcase classname="TestScripts.AdminAcc" name="userCredential" time="6.595"/>
</testsuite> <!-- TestScripts.AdminAcc -->
