<?xml version="1.0" encoding="UTF-8"?>
<!-- Generated by org.testng.reporters.JUnitReportReporter -->
<testsuite hostname="uno-06-pc" failures="0" tests="2" name="TestScripts.SanctionLeave" time="3.179" errors="0" timestamp="2025-03-31T16:18:33 IST" skipped="0">
  <testcase classname="TestScripts.SanctionLeave" name="login" time="0.434"/>
  <testcase classname="TestScripts.SanctionLeave" name="leave" time="2.745"/>
</testsuite> <!-- TestScripts.SanctionLeave -->
