<?xml version="1.0" encoding="UTF-8"?>
<!-- Generated by org.testng.reporters.JUnitReportReporter -->
<testsuite hostname="Ajay-Pandita" failures="0" tests="2" name="TestScripts.SanctionLeave" time="9.721" errors="0" timestamp="2025-03-31T17:08:40 IST" skipped="0">
  <testcase classname="TestScripts.SanctionLeave" name="login" time="0.730"/>
  <system-out/>
  <testcase classname="TestScripts.SanctionLeave" name="leave" time="8.991"/>
  <system-out/>
</testsuite> <!-- TestScripts.SanctionLeave -->
