<?xml version="1.0" encoding="UTF-8"?>
<!-- Generated by org.testng.reporters.JUnitReportReporter -->
<testsuite hostname="uno-06-pc" failures="0" tests="3" name="TestScripts.AdminAcc" time="21.464" errors="0" timestamp="2025-04-01T15:54:22 IST" skipped="0">
  <testcase classname="TestScripts.AdminAcc" name="login" time="0.474"/>
  <testcase classname="TestScripts.AdminAcc" name="add_emp" time="14.587"/>
  <testcase classname="TestScripts.AdminAcc" name="userCredential" time="6.403"/>
</testsuite> <!-- TestScripts.AdminAcc -->
