<?xml version="1.0" encoding="UTF-8"?>
<!-- Generated by org.testng.reporters.JUnitReportReporter -->
<testsuite hostname="Ajay-Pandita" failures="0" tests="3" name="LoginPage.LeaveBalance" time="12.648" errors="0" timestamp="2025-03-27T18:20:32 IST" skipped="0">
  <testcase classname="LoginPage.LeaveBalance" name="login" time="2.017"/>
  <system-out/>
  <testcase classname="LoginPage.LeaveBalance" name="leave" time="9.549"/>
  <system-out/>
  <testcase classname="LoginPage.LeaveBalance" name="logout" time="1.082"/>
  <system-out/>
</testsuite> <!-- LoginPage.LeaveBalance -->
