<?xml version="1.0" encoding="UTF-8"?>
<!-- Generated by org.testng.reporters.JUnitReportReporter -->
<testsuite hostname="Ajay-Pandita" failures="0" tests="4" name="LoginPage.loginPage" time="39.573" errors="0" timestamp="2025-03-19T17:00:48 IST" skipped="0">
  <testcase classname="LoginPage.loginPage" name="login" time="6.006"/>
  <system-out/>
  <testcase classname="LoginPage.loginPage" name="Home" time="6.637"/>
  <system-out/>
  <testcase classname="LoginPage.loginPage" name="add_emp" time="11.202"/>
  <system-out/>
  <testcase classname="LoginPage.loginPage" name="userCredential" time="15.728"/>
  <system-out/>
</testsuite> <!-- LoginPage.loginPage -->
