<?xml version="1.0" encoding="UTF-8"?>
<!-- Generated by org.testng.reporters.JUnitReportReporter -->
<testsuite hostname="uno-06-pc" failures="0" tests="2" name="TestScripts.ApplyLeave" time="6.369" errors="0" timestamp="2025-04-01T15:54:22 IST" skipped="0">
  <testcase classname="TestScripts.ApplyLeave" name="login" time="0.412"/>
  <testcase classname="TestScripts.ApplyLeave" name="apply" time="5.957"/>
</testsuite> <!-- TestScripts.ApplyLeave -->
