<?xml version="1.0" encoding="UTF-8"?>
<!-- Generated by org.testng.reporters.JUnitReportReporter -->
<testsuite hostname="uno-06-pc" failures="0" tests="2" name="TestScripts.LeaveBalance" time="11.914" errors="0" timestamp="2025-04-01T12:09:48 IST" skipped="0">
  <testcase classname="TestScripts.LeaveBalance" name="login" time="1.504"/>
  <testcase classname="TestScripts.LeaveBalance" name="leave" time="10.410"/>
</testsuite> <!-- TestScripts.LeaveBalance -->
