<?xml version="1.0" encoding="UTF-8"?>
<!-- Generated by org.testng.reporters.JUnitReportReporter -->
<testsuite hostname="uno-06-pc" failures="0" tests="4" name="LoginPage.loginPage" time="29.025" errors="0" timestamp="2025-03-18T18:30:26 IST" skipped="0">
  <testcase classname="LoginPage.loginPage" name="login" time="4.317"/>
  <system-out/>
  <testcase classname="LoginPage.loginPage" name="Home" time="8.777"/>
  <system-out/>
  <testcase classname="LoginPage.loginPage" name="add_emp" time="10.959"/>
  <system-out/>
  <testcase classname="LoginPage.loginPage" name="logout" time="4.972"/>
  <system-out/>
</testsuite> <!-- LoginPage.loginPage -->
