<?xml version="1.0" encoding="UTF-8"?>
<!-- Generated by org.testng.reporters.JUnitReportReporter -->
<testsuite hostname="Ajay-Pandita" failures="0" tests="2" name="TestScripts.ApplyLeave" time="11.230" errors="0" timestamp="2025-03-31T16:58:01 IST" skipped="0">
  <testcase classname="TestScripts.ApplyLeave" name="login" time="0.828"/>
  <system-out/>
  <testcase classname="TestScripts.ApplyLeave" name="apply" time="10.402"/>
  <system-out/>
</testsuite> <!-- TestScripts.ApplyLeave -->
