<?xml version="1.0" encoding="UTF-8"?>
<!-- Generated by org.testng.reporters.JUnitReportReporter -->
<testsuite hostname="Ajay-Pandita" failures="0" tests="4" name="TestScripts.AdminAcc" time="29.636" errors="0" timestamp="2025-03-28T16:00:49 IST" skipped="0">
  <testcase classname="TestScripts.AdminAcc" name="login" time="1.447"/>
  <system-out/>
  <testcase classname="TestScripts.AdminAcc" name="add_emp" time="18.872"/>
  <system-out/>
  <testcase classname="TestScripts.AdminAcc" name="userCredential" time="7.767"/>
  <system-out/>
  <testcase classname="TestScripts.AdminAcc" name="logout" time="1.550"/>
  <system-out/>
</testsuite> <!-- TestScripts.AdminAcc -->
