<?xml version="1.0" encoding="UTF-8"?>
<!-- Generated by org.testng.reporters.JUnitReportReporter -->
<testsuite hostname="uno-30-pc" failures="0" tests="3" name="TestScripts.AdminAcc" time="20.781" errors="0" timestamp="2025-04-21T16:55:27 IST" skipped="0">
  <testcase classname="TestScripts.AdminAcc" name="login" time="0.204"/>
  <testcase classname="TestScripts.AdminAcc" name="add_emp" time="14.642"/>
  <testcase classname="TestScripts.AdminAcc" name="userCredential" time="5.935"/>
</testsuite> <!-- TestScripts.AdminAcc -->
