<?xml version="1.0" encoding="UTF-8"?>
<!-- Generated by org.testng.reporters.JUnitReportReporter -->
<testsuite hostname="uno-30-pc" failures="0" tests="3" name="TestScripts.AdminAcc" time="22.356" errors="0" timestamp="2025-04-21T14:19:04 IST" skipped="0">
  <testcase classname="TestScripts.AdminAcc" name="login" time="0.651"/>
  <testcase classname="TestScripts.AdminAcc" name="add_emp" time="15.880"/>
  <testcase classname="TestScripts.AdminAcc" name="userCredential" time="5.825"/>
</testsuite> <!-- TestScripts.AdminAcc -->
