<?xml version="1.0" encoding="UTF-8"?>
<!-- Generated by org.testng.reporters.JUnitReportReporter -->
<testsuite hostname="Ajay-Pandita" failures="0" tests="3" name="TestScripts.LeaveBalance" time="15.530" errors="0" timestamp="2025-03-28T16:02:28 IST" skipped="0">
  <testcase classname="TestScripts.LeaveBalance" name="login" time="1.765"/>
  <system-out/>
  <testcase classname="TestScripts.LeaveBalance" name="leave" time="12.416"/>
  <system-out/>
  <testcase classname="TestScripts.LeaveBalance" name="logout" time="1.349"/>
  <system-out/>
</testsuite> <!-- TestScripts.LeaveBalance -->
