<?xml version="1.0" encoding="UTF-8"?>
<!-- Generated by org.testng.reporters.JUnitReportReporter -->
<testsuite hostname="Ajay-Pandita" failures="0" tests="4" name="LoginPage.AdminAcc" time="14.777" errors="0" timestamp="2025-03-27T17:56:17 IST" skipped="0">
  <testcase classname="LoginPage.AdminAcc" name="login" time="1.505"/>
  <system-out/>
  <testcase classname="LoginPage.AdminAcc" name="add_emp" time="3.682"/>
  <system-out/>
  <testcase classname="LoginPage.AdminAcc" name="userCredential" time="8.597"/>
  <system-out/>
  <testcase classname="LoginPage.AdminAcc" name="logout" time="0.993"/>
  <system-out/>
</testsuite> <!-- LoginPage.AdminAcc -->
