<?xml version="1.0" encoding="UTF-8"?>
<!-- Generated by org.testng.reporters.JUnitReportReporter -->
<testsuite hostname="uno-06-pc" failures="0" tests="3" name="TestScripts.AdminAcc" time="21.687" errors="0" timestamp="2025-04-01T12:07:28 IST" skipped="0">
  <testcase classname="TestScripts.AdminAcc" name="login" time="1.029"/>
  <testcase classname="TestScripts.AdminAcc" name="add_emp" time="14.617"/>
  <testcase classname="TestScripts.AdminAcc" name="userCredential" time="6.041"/>
</testsuite> <!-- TestScripts.AdminAcc -->
