<?xml version="1.0" encoding="UTF-8"?>
<!-- Generated by org.testng.reporters.JUnitReportReporter -->
<testsuite hostname="uno-06-pc" failures="0" tests="3" name="TestScripts.AdminAcc" time="21.349" errors="0" timestamp="2025-04-02T12:42:29 IST" skipped="0">
  <testcase classname="TestScripts.AdminAcc" name="login" time="0.485"/>
  <testcase classname="TestScripts.AdminAcc" name="add_emp" time="14.428"/>
  <testcase classname="TestScripts.AdminAcc" name="userCredential" time="6.436"/>
</testsuite> <!-- TestScripts.AdminAcc -->
