<?xml version="1.0" encoding="UTF-8"?>
<!-- Generated by org.testng.reporters.JUnitReportReporter -->
<testsuite hostname="uno-06-pc" failures="0" tests="3" name="TestScripts.AdminAcc" time="22.145" errors="0" timestamp="2025-04-02T17:20:42 IST" skipped="0">
  <testcase classname="TestScripts.AdminAcc" name="login" time="0.474"/>
  <testcase classname="TestScripts.AdminAcc" name="add_emp" time="14.921"/>
  <testcase classname="TestScripts.AdminAcc" name="userCredential" time="6.750"/>
</testsuite> <!-- TestScripts.AdminAcc -->
