<?xml version="1.0" encoding="UTF-8"?>
<!-- Generated by org.testng.reporters.JUnitReportReporter -->
<testsuite hostname="uno-06-pc" failures="0" tests="4" name="LoginPage.loginPage" time="31.723" errors="0" timestamp="2025-03-18T17:35:58 IST" skipped="0">
  <testcase classname="LoginPage.loginPage" name="login" time="5.135"/>
  <system-out/>
  <testcase classname="LoginPage.loginPage" name="Home" time="7.670"/>
  <system-out/>
  <testcase classname="LoginPage.loginPage" name="add_emp" time="10.906"/>
  <system-out/>
  <testcase classname="LoginPage.loginPage" name="logout" time="8.012"/>
  <system-out/>
</testsuite> <!-- LoginPage.loginPage -->
