<?xml version="1.0" encoding="UTF-8"?>
<!-- Generated by org.testng.reporters.JUnitReportReporter -->
<testsuite hostname="uno-06-pc" failures="0" tests="2" name="TestScripts.ApplyLeave" time="11.289" errors="0" timestamp="2025-03-31T16:18:33 IST" skipped="0">
  <testcase classname="TestScripts.ApplyLeave" name="login" time="0.452"/>
  <testcase classname="TestScripts.ApplyLeave" name="apply" time="10.837"/>
</testsuite> <!-- TestScripts.ApplyLeave -->
