<?xml version="1.0" encoding="UTF-8"?>
<!-- Generated by org.testng.reporters.JUnitReportReporter -->
<testsuite hostname="Ajay-Pandita" failures="0" tests="3" name="LoginPage.EmployeeAcc" time="12.492" errors="0" timestamp="2025-03-25T17:52:55 IST" skipped="0">
  <testcase classname="LoginPage.EmployeeAcc" name="login" time="3.956"/>
  <system-out/>
  <testcase classname="LoginPage.EmployeeAcc" name="add_emp" time="5.240"/>
  <system-out/>
  <testcase classname="LoginPage.EmployeeAcc" name="logout" time="3.296"/>
  <system-out/>
</testsuite> <!-- LoginPage.EmployeeAcc -->
