<?xml version="1.0" encoding="UTF-8"?>
<!-- Generated by org.testng.reporters.JUnitReportReporter -->
<testsuite hostname="Ajay-Pandita" failures="0" tests="3" name="TestScripts.EmployeeAcc" time="14.257" errors="0" timestamp="2025-03-28T16:01:55 IST" skipped="0">
  <testcase classname="TestScripts.EmployeeAcc" name="login" time="1.247"/>
  <system-out/>
  <testcase classname="TestScripts.EmployeeAcc" name="add_emp" time="10.825"/>
  <system-out/>
  <testcase classname="TestScripts.EmployeeAcc" name="logout" time="2.185"/>
  <system-out/>
</testsuite> <!-- TestScripts.EmployeeAcc -->
