<?xml version="1.0" encoding="UTF-8"?>
<!-- Generated by org.testng.reporters.JUnitReportReporter -->
<testsuite hostname="uno-06-pc" failures="0" tests="4" name="LoginPage.loginPage" time="36.414" errors="0" timestamp="2025-03-20T14:07:28 IST" skipped="0">
  <testcase classname="LoginPage.loginPage" name="login" time="4.800"/>
  <system-out/>
  <testcase classname="LoginPage.loginPage" name="Home" time="5.991"/>
  <system-out/>
  <testcase classname="LoginPage.loginPage" name="verifying" time="18.581"/>
  <system-out/>
  <testcase classname="LoginPage.loginPage" name="logout" time="7.042"/>
  <system-out/>
</testsuite> <!-- LoginPage.loginPage -->
