<?xml version="1.0" encoding="UTF-8"?>
<!-- Generated by org.testng.reporters.JUnitReportReporter -->
<testsuite hostname="Ajay-Pandita" failures="0" tests="2" name="TestScripts.SanctionLeave" time="5.624" errors="0" timestamp="2025-03-28T16:02:52 IST" skipped="0">
  <testcase classname="TestScripts.SanctionLeave" name="login" time="1.989"/>
  <system-out/>
  <testcase classname="TestScripts.SanctionLeave" name="leave" time="3.635"/>
  <system-out/>
</testsuite> <!-- TestScripts.SanctionLeave -->
