<?xml version="1.0" encoding="UTF-8"?>
<!-- Generated by org.testng.reporters.JUnitReportReporter -->
<testsuite hostname="uno-06-pc" failures="0" tests="2" name="TestScripts.EmployeeAcc" time="9.523" errors="0" timestamp="2025-04-01T12:07:28 IST" skipped="0">
  <testcase classname="TestScripts.EmployeeAcc" name="login" time="0.435"/>
  <testcase classname="TestScripts.EmployeeAcc" name="add_emp" time="9.088"/>
</testsuite> <!-- TestScripts.EmployeeAcc -->
