<?xml version="1.0" encoding="UTF-8"?>
<!-- Generated by org.testng.reporters.JUnitReportReporter -->
<testsuite hostname="uno-06-pc" failures="0" tests="2" name="TestScripts.EmployeeAcc" time="9.976" errors="0" timestamp="2025-03-31T14:11:24 IST" skipped="0">
  <testcase classname="TestScripts.EmployeeAcc" name="login" time="0.644"/>
  <testcase classname="TestScripts.EmployeeAcc" name="add_emp" time="9.332"/>
</testsuite> <!-- TestScripts.EmployeeAcc -->
