<?xml version="1.0" encoding="UTF-8"?>
<!-- Generated by org.testng.reporters.JUnitReportReporter -->
<testsuite hostname="Ajay-Pandita" failures="0" tests="4" name="LoginPage.AdminAcc" time="25.047" errors="0" timestamp="2025-03-25T16:05:57 IST" skipped="0">
  <testcase classname="LoginPage.AdminAcc" name="login" time="3.184"/>
  <system-out/>
  <testcase classname="LoginPage.AdminAcc" name="add_emp" time="9.431"/>
  <system-out/>
  <testcase classname="LoginPage.AdminAcc" name="userCredential" time="8.710"/>
  <system-out/>
  <testcase classname="LoginPage.AdminAcc" name="logout" time="3.722"/>
  <system-out/>
</testsuite> <!-- LoginPage.AdminAcc -->
