<?xml version="1.0" encoding="UTF-8"?>
<!-- Generated by org.testng.reporters.JUnitReportReporter -->
<testsuite hostname="uno-06-pc" failures="0" tests="3" name="TestScripts.AdminAcc" time="18.362" errors="0" timestamp="2025-04-21T14:28:02 IST" skipped="0">
  <testcase classname="TestScripts.AdminAcc" name="login" time="0.226"/>
  <testcase classname="TestScripts.AdminAcc" name="add_emp" time="12.335"/>
  <testcase classname="TestScripts.AdminAcc" name="userCredential" time="5.801"/>
</testsuite> <!-- TestScripts.AdminAcc -->
