<?xml version="1.0" encoding="UTF-8"?>
<!-- Generated by org.testng.reporters.JUnitReportReporter -->
<testsuite hostname="uno-06-pc" failures="0" tests="2" name="TestScripts.VerifyLeave" time="21.361" errors="0" timestamp="2025-04-21T14:14:12 IST" skipped="0">
  <testcase classname="TestScripts.VerifyLeave" name="login" time="15.666"/>
  <testcase classname="TestScripts.VerifyLeave" name="verify" time="5.695"/>
</testsuite> <!-- TestScripts.VerifyLeave -->
