<?xml version="1.0" encoding="UTF-8"?>
<!-- Generated by org.testng.reporters.JUnitReportReporter -->
<testsuite hostname="uno-06-pc" failures="0" tests="4" name="LoginPage.AdminAcc" time="18.776" errors="0" timestamp="2025-03-26T16:54:46 IST" skipped="0">
  <testcase classname="LoginPage.AdminAcc" name="login" time="2.609"/>
  <testcase classname="LoginPage.AdminAcc" name="add_emp" time="5.080"/>
  <testcase classname="LoginPage.AdminAcc" name="userCredential" time="8.030"/>
  <testcase classname="LoginPage.AdminAcc" name="logout" time="3.057"/>
</testsuite> <!-- LoginPage.AdminAcc -->
