<?xml version="1.0" encoding="UTF-8"?>
<!-- Generated by org.testng.reporters.JUnitReportReporter -->
<testsuite hostname="uno-06-pc" failures="0" tests="4" name="LoginPage.loginPage" time="32.252" errors="0" timestamp="2025-03-18T16:22:06 IST" skipped="0">
  <testcase classname="LoginPage.loginPage" name="login" time="4.320"/>
  <system-out/>
  <testcase classname="LoginPage.loginPage" name="Home" time="8.673"/>
  <system-out/>
  <testcase classname="LoginPage.loginPage" name="add_emp" time="10.918"/>
  <system-out/>
  <testcase classname="LoginPage.loginPage" name="logout" time="8.341"/>
  <system-out/>
</testsuite> <!-- LoginPage.loginPage -->
