<?xml version="1.0" encoding="UTF-8"?>
<!-- Generated by org.testng.reporters.JUnitReportReporter -->
<testsuite hostname="uno-06-pc" failures="0" tests="4" name="LoginPage.loginPage" time="32.420" errors="0" timestamp="2025-03-19T14:16:48 IST" skipped="0">
  <testcase classname="LoginPage.loginPage" name="login" time="4.761"/>
  <system-out/>
  <testcase classname="LoginPage.loginPage" name="Home" time="7.585"/>
  <system-out/>
  <testcase classname="LoginPage.loginPage" name="add_emp" time="11.943"/>
  <system-out/>
  <testcase classname="LoginPage.loginPage" name="logout" time="8.131"/>
  <system-out/>
</testsuite> <!-- LoginPage.loginPage -->
