<?xml version="1.0" encoding="UTF-8"?>
<!-- Generated by org.testng.reporters.JUnitReportReporter -->
<testsuite hostname="uno-06-pc" failures="0" tests="4" name="LoginPage.loginPage" time="31.376" errors="0" timestamp="2025-03-19T15:55:29 IST" skipped="0">
  <testcase classname="LoginPage.loginPage" name="login" time="4.819"/>
  <system-out/>
  <testcase classname="LoginPage.loginPage" name="Home" time="4.869"/>
  <system-out/>
  <testcase classname="LoginPage.loginPage" name="add_emp" time="10.834"/>
  <system-out/>
  <testcase classname="LoginPage.loginPage" name="userCredential" time="10.854"/>
  <system-out/>
</testsuite> <!-- LoginPage.loginPage -->
