<?xml version="1.0" encoding="UTF-8"?>
<!-- Generated by org.testng.reporters.JUnitReportReporter -->
<testsuite hostname="uno-06-pc" failures="0" tests="4" name="LoginPage.AdminAcc" time="11.411" errors="0" timestamp="2025-03-26T18:35:32 IST" skipped="0">
  <testcase classname="LoginPage.AdminAcc" name="login" time="0.501"/>
  <testcase classname="LoginPage.AdminAcc" name="add_emp" time="4.582"/>
  <testcase classname="LoginPage.AdminAcc" name="userCredential" time="4.853"/>
  <testcase classname="LoginPage.AdminAcc" name="logout" time="1.475"/>
</testsuite> <!-- LoginPage.AdminAcc -->
