<?xml version="1.0" encoding="UTF-8"?>
<!-- Generated by org.testng.reporters.JUnitReportReporter -->
<testsuite hostname="Ajay-Pandita" failures="0" tests="4" name="LoginPage.AdminAcc" time="20.398" errors="0" timestamp="2025-03-25T17:37:35 IST" skipped="0">
  <testcase classname="LoginPage.AdminAcc" name="login" time="2.953"/>
  <system-out/>
  <testcase classname="LoginPage.AdminAcc" name="add_emp" time="6.380"/>
  <system-out/>
  <testcase classname="LoginPage.AdminAcc" name="userCredential" time="7.723"/>
  <system-out/>
  <testcase classname="LoginPage.AdminAcc" name="logout" time="3.342"/>
  <system-out/>
</testsuite> <!-- LoginPage.AdminAcc -->
