<?xml version="1.0" encoding="UTF-8"?>
<!-- Generated by org.testng.reporters.JUnitReportReporter -->
<testsuite hostname="Ajay-Pandita" failures="0" tests="4" name="LoginPage.AdminAcc" time="37.963" errors="0" timestamp="2025-03-24T18:31:36 IST" skipped="0">
  <testcase classname="LoginPage.AdminAcc" name="login" time="4.325"/>
  <system-out/>
  <testcase classname="LoginPage.AdminAcc" name="add_emp" time="9.215"/>
  <system-out/>
  <testcase classname="LoginPage.AdminAcc" name="userCredential" time="12.256"/>
  <system-out/>
  <testcase classname="LoginPage.AdminAcc" name="logout" time="12.167"/>
  <system-out/>
</testsuite> <!-- LoginPage.AdminAcc -->
