<?xml version="1.0" encoding="UTF-8"?>
<!-- Generated by org.testng.reporters.JUnitReportReporter -->
<testsuite hostname="uno-06-pc" failures="0" tests="2" name="TestScripts.EmployeeAcc" time="9.530" errors="0" timestamp="2025-04-01T15:54:22 IST" skipped="0">
  <testcase classname="TestScripts.EmployeeAcc" name="login" time="0.409"/>
  <testcase classname="TestScripts.EmployeeAcc" name="add_emp" time="9.121"/>
</testsuite> <!-- TestScripts.EmployeeAcc -->
