<?xml version="1.0" encoding="UTF-8"?>
<!-- Generated by org.testng.reporters.JUnitReportReporter -->
<testsuite hostname="Ajay-Pandita" failures="0" tests="3" name="LoginPage.EmployeeAcc" time="12.276" errors="0" timestamp="2025-03-27T16:50:54 IST" skipped="0">
  <testcase classname="LoginPage.EmployeeAcc" name="login" time="3.170"/>
  <system-out/>
  <testcase classname="LoginPage.EmployeeAcc" name="add_emp" time="4.969"/>
  <system-out/>
  <testcase classname="LoginPage.EmployeeAcc" name="logout" time="4.137"/>
  <system-out/>
</testsuite> <!-- LoginPage.EmployeeAcc -->
