<?xml version="1.0" encoding="UTF-8"?>
<!-- Generated by org.testng.reporters.JUnitReportReporter -->
<testsuite hostname="uno-06-pc" failures="0" tests="4" name="LoginPage.loginPage" time="32.255" errors="0" timestamp="2025-03-18T12:30:37 IST" skipped="0">
  <testcase classname="LoginPage.loginPage" name="login" time="5.237"/>
  <system-out/>
  <testcase classname="LoginPage.loginPage" name="Home" time="7.744"/>
  <system-out/>
  <testcase classname="LoginPage.loginPage" name="add_emp" time="10.909"/>
  <system-out/>
  <testcase classname="LoginPage.loginPage" name="logout" time="8.365"/>
  <system-out/>
</testsuite> <!-- LoginPage.loginPage -->
