<?xml version="1.0" encoding="UTF-8"?>
<!-- Generated by org.testng.reporters.JUnitReportReporter -->
<testsuite hostname="uno-06-pc" failures="0" tests="3" name="TestScripts.AdminAcc" time="23.632" errors="0" timestamp="2025-03-31T14:10:01 IST" skipped="0">
  <testcase classname="TestScripts.AdminAcc" name="login" time="1.635"/>
  <testcase classname="TestScripts.AdminAcc" name="add_emp" time="14.943"/>
  <testcase classname="TestScripts.AdminAcc" name="userCredential" time="7.054"/>
</testsuite> <!-- TestScripts.AdminAcc -->
