<?xml version="1.0" encoding="UTF-8"?>
<!-- Generated by org.testng.reporters.JUnitReportReporter -->
<testsuite hostname="uno-06-pc" failures="0" tests="2" name="TestScripts.LeaveBalance" time="10.690" errors="0" timestamp="2025-04-01T15:54:22 IST" skipped="0">
  <testcase classname="TestScripts.LeaveBalance" name="login" time="0.391"/>
  <testcase classname="TestScripts.LeaveBalance" name="leave" time="10.299"/>
</testsuite> <!-- TestScripts.LeaveBalance -->
