<?xml version="1.0" encoding="UTF-8"?>
<!-- Generated by org.testng.reporters.JUnitReportReporter -->
<testsuite hostname="Ajay-Pandita" failures="0" tests="3" name="LoginPage.EmployeeAcc" time="7.101" errors="0" timestamp="2025-03-27T18:11:14 IST" skipped="0">
  <testcase classname="LoginPage.EmployeeAcc" name="login" time="0.943"/>
  <system-out/>
  <testcase classname="LoginPage.EmployeeAcc" name="add_emp" time="4.697"/>
  <system-out/>
  <testcase classname="LoginPage.EmployeeAcc" name="logout" time="1.461"/>
  <system-out/>
</testsuite> <!-- LoginPage.EmployeeAcc -->
