<?xml version="1.0" encoding="UTF-8"?>
<!-- Generated by org.testng.reporters.JUnitReportReporter -->
<testsuite hostname="uno-06-pc" failures="0" tests="4" name="LoginPage.AdminAcc" time="21.660" errors="0" timestamp="2025-03-28T11:22:07 IST" skipped="0">
  <testcase classname="LoginPage.AdminAcc" name="login" time="0.516"/>
  <testcase classname="LoginPage.AdminAcc" name="add_emp" time="14.437"/>
  <testcase classname="LoginPage.AdminAcc" name="userCredential" time="5.241"/>
  <testcase classname="LoginPage.AdminAcc" name="logout" time="1.466"/>
</testsuite> <!-- LoginPage.AdminAcc -->
