<?xml version="1.0" encoding="UTF-8"?>
<!-- Generated by org.testng.reporters.JUnitReportReporter -->
<testsuite hostname="Ajay-Pandita" failures="0" tests="5" name="LoginPage.loginPage" time="65.421" errors="0" timestamp="2025-03-20T16:31:27 IST" skipped="0">
  <testcase classname="LoginPage.loginPage" name="login" time="4.891"/>
  <system-out/>
  <testcase classname="LoginPage.loginPage" name="Home" time="7.227"/>
  <system-out/>
  <testcase classname="LoginPage.loginPage" name="verifying" time="12.652"/>
  <system-out/>
  <testcase classname="LoginPage.loginPage" name="logout" time="9.263"/>
  <system-out/>
  <testcase classname="LoginPage.loginPage" name="Employee" time="31.388"/>
  <system-out/>
</testsuite> <!-- LoginPage.loginPage -->
