<?xml version="1.0" encoding="UTF-8"?>
<!-- Generated by org.testng.reporters.JUnitReportReporter -->
<testsuite hostname="uno-06-pc" failures="0" tests="2" name="TestScripts.EmployeeAcc" time="0.421" errors="0" timestamp="2025-04-02T17:20:42 IST" skipped="0">
  <testcase classname="TestScripts.EmployeeAcc" name="login" time="0.417"/>
  <testcase classname="TestScripts.EmployeeAcc" name="add_emp" time="0.004"/>
</testsuite> <!-- TestScripts.EmployeeAcc -->
